<?xml version="1.0" encoding="UTF-8"?>
<!-- Generated by org.testng.reporters.JUnitXMLReporter -->
<testsuite ignored="0" hostname="DESKTOP-ECI2M32" failures="0" tests="7" name="Default test" time="0.159" errors="0" timestamp="2021-02-19T15:56:12 IST">
  <testcase classname="TestCalculate" name="emptyStringReturnZer" time="0.013"/>
  <testcase classname="TestCalculate" name="ignoresNumberGreaterThan1000" time="0.006"/>
  <testcase classname="TestCalculate" name="negativeInputReturnsException" time="0.002"/>
  <testcase classname="TestCalculate" name="singleValueIsReplied" time="0.002"/>
  <testcase classname="TestCalculate" name="threeNumberDelimiterBothWaysReturnSum" time="0.004"/>
  <testcase classname="TestCalculate" name="twoNumberDelimiterReturnSum" time="0.007"/>
  <testcase classname="TestCalculate" name="twoNumbersNewLineDelimiterReturnSum" time="0.002"/>
</testsuite> <!-- Default test -->
